Arguments: 
  /home/digitro/.nvm/versions/node/v16.18.1/bin/node /home/digitro/.nvm/versions/node/v16.18.1/bin/yarn add argon2

PATH: 
  /home/digitro/.local/bin:/home/digitro/.nvm/versions/node/v16.18.1/bin:/home/digitro/.local/bin:/usr/local/sbin:/usr/local/bin:/usr/sbin:/usr/bin:/sbin:/bin:/usr/games:/usr/local/games:/snap/bin:/snap/bin

Yarn version: 
  1.22.19

Node version: 
  16.18.1

Platform: 
  linux x64

Trace: 
  Error: getaddrinfo ENOTFOUND npm.digitro.com.br
      at GetAddrInfoReqWrap.onlookup [as oncomplete] (node:dns:109:26)

npm manifest: 
  {
    "name": "nodejs-graphql",
    "version": "1.0.0",
    "main": "index.js",
    "license": "MIT",
    "scripts": {
      "start": "yarn build && node dist/index.js",
      "build": "tsc",
      "build:watch": "tsc -w",
      "dev": "nodemon dist/index.js"
    },
    "dependencies": {
      "@prisma/client": "5.5.2",
      "apollo-server-express": "^3.12.1",
      "express": "^4.18.2",
      "graphql": "^16.8.1",
      "nexus": "^1.3.0"
    },
    "devDependencies": {
      "@types/node": "^20.8.9",
      "nodemon": "^3.0.1",
      "prisma": "5.5.2",
      "typescript": "^5.2.2"
    }
  }

yarn manifest: 
  No manifest

Lockfile: 
  # THIS IS AN AUTOGENERATED FILE. DO NOT EDIT THIS FILE DIRECTLY.
  # yarn lockfile v1
  
  
  "@apollo/protobufjs@1.2.6":
    version "1.2.6"
    resolved "http://npm.digitro.com.br/@apollo%2fprotobufjs/-/protobufjs-1.2.6.tgz"
    integrity sha512-Wqo1oSHNUj/jxmsVp4iR3I480p6qdqHikn38lKrFhfzcDJ7lwd7Ck7cHRl4JE81tWNArl77xhnG/OkZhxKBYOw==
    dependencies:
      "@protobufjs/aspromise" "^1.1.2"
      "@protobufjs/base64" "^1.1.2"
      "@protobufjs/codegen" "^2.0.4"
      "@protobufjs/eventemitter" "^1.1.0"
      "@protobufjs/fetch" "^1.1.0"
      "@protobufjs/float" "^1.0.2"
      "@protobufjs/inquire" "^1.1.0"
      "@protobufjs/path" "^1.1.2"
      "@protobufjs/pool" "^1.1.0"
      "@protobufjs/utf8" "^1.1.0"
      "@types/long" "^4.0.0"
      "@types/node" "^10.1.0"
      long "^4.0.0"
  
  "@apollo/protobufjs@1.2.7":
    version "1.2.7"
    resolved "http://npm.digitro.com.br/@apollo%2fprotobufjs/-/protobufjs-1.2.7.tgz"
    integrity sha512-Lahx5zntHPZia35myYDBRuF58tlwPskwHc5CWBZC/4bMKB6siTBWwtMrkqXcsNwQiFSzSx5hKdRPUmemrEp3Gg==
    dependencies:
      "@protobufjs/aspromise" "^1.1.2"
      "@protobufjs/base64" "^1.1.2"
      "@protobufjs/codegen" "^2.0.4"
      "@protobufjs/eventemitter" "^1.1.0"
      "@protobufjs/fetch" "^1.1.0"
      "@protobufjs/float" "^1.0.2"
      "@protobufjs/inquire" "^1.1.0"
      "@protobufjs/path" "^1.1.2"
      "@protobufjs/pool" "^1.1.0"
      "@protobufjs/utf8" "^1.1.0"
      "@types/long" "^4.0.0"
      long "^4.0.0"
  
  "@apollo/usage-reporting-protobuf@^4.0.0":
    version "4.1.1"
    resolved "http://npm.digitro.com.br/@apollo%2fusage-reporting-protobuf/-/usage-reporting-protobuf-4.1.1.tgz"
    integrity sha512-u40dIUePHaSKVshcedO7Wp+mPiZsaU6xjv9J+VyxpoU/zL6Jle+9zWeG98tr/+SZ0nZ4OXhrbb8SNr0rAPpIDA==
    dependencies:
      "@apollo/protobufjs" "1.2.7"
  
  "@apollo/utils.dropunuseddefinitions@^1.1.0":
    version "1.1.0"
    resolved "http://npm.digitro.com.br/@apollo%2futils.dropunuseddefinitions/-/utils.dropunuseddefinitions-1.1.0.tgz"
    integrity sha512-jU1XjMr6ec9pPoL+BFWzEPW7VHHulVdGKMkPAMiCigpVIT11VmCbnij0bWob8uS3ODJ65tZLYKAh/55vLw2rbg==
  
  "@apollo/utils.keyvaluecache@^1.0.1":
    version "1.0.2"
    resolved "http://npm.digitro.com.br/@apollo%2futils.keyvaluecache/-/utils.keyvaluecache-1.0.2.tgz"
    integrity sha512-p7PVdLPMnPzmXSQVEsy27cYEjVON+SH/Wb7COyW3rQN8+wJgT1nv9jZouYtztWW8ZgTkii5T6tC9qfoDREd4mg==
    dependencies:
      "@apollo/utils.logger" "^1.0.0"
      lru-cache "7.10.1 - 7.13.1"
  
  "@apollo/utils.logger@^1.0.0":
    version "1.0.1"
    resolved "http://npm.digitro.com.br/@apollo%2futils.logger/-/utils.logger-1.0.1.tgz"
    integrity sha512-XdlzoY7fYNK4OIcvMD2G94RoFZbzTQaNP0jozmqqMudmaGo2I/2Jx71xlDJ801mWA/mbYRihyaw6KJii7k5RVA==
  
  "@apollo/utils.printwithreducedwhitespace@^1.1.0":
    version "1.1.0"
    resolved "http://npm.digitro.com.br/@apollo%2futils.printwithreducedwhitespace/-/utils.printwithreducedwhitespace-1.1.0.tgz"
    integrity sha512-GfFSkAv3n1toDZ4V6u2d7L4xMwLA+lv+6hqXicMN9KELSJ9yy9RzuEXaX73c/Ry+GzRsBy/fdSUGayGqdHfT2Q==
  
  "@apollo/utils.removealiases@1.0.0":
    version "1.0.0"
    resolved "http://npm.digitro.com.br/@apollo%2futils.removealiases/-/utils.removealiases-1.0.0.tgz"
    integrity sha512-6cM8sEOJW2LaGjL/0vHV0GtRaSekrPQR4DiywaApQlL9EdROASZU5PsQibe2MWeZCOhNrPRuHh4wDMwPsWTn8A==
  
  "@apollo/utils.sortast@^1.1.0":
    version "1.1.0"
    resolved "http://npm.digitro.com.br/@apollo%2futils.sortast/-/utils.sortast-1.1.0.tgz"
    integrity sha512-VPlTsmUnOwzPK5yGZENN069y6uUHgeiSlpEhRnLFYwYNoJHsuJq2vXVwIaSmts015WTPa2fpz1inkLYByeuRQA==
    dependencies:
      lodash.sortby "^4.7.0"
  
  "@apollo/utils.stripsensitiveliterals@^1.2.0":
    version "1.2.0"
    resolved "http://npm.digitro.com.br/@apollo%2futils.stripsensitiveliterals/-/utils.stripsensitiveliterals-1.2.0.tgz"
    integrity sha512-E41rDUzkz/cdikM5147d8nfCFVKovXxKBcjvLEQ7bjZm/cg9zEcXvS6vFY8ugTubI3fn6zoqo0CyU8zT+BGP9w==
  
  "@apollo/utils.usagereporting@^1.0.0":
    version "1.0.1"
    resolved "http://npm.digitro.com.br/@apollo%2futils.usagereporting/-/utils.usagereporting-1.0.1.tgz"
    integrity sha512-6dk+0hZlnDbahDBB2mP/PZ5ybrtCJdLMbeNJD+TJpKyZmSY6bA3SjI8Cr2EM9QA+AdziywuWg+SgbWUF3/zQqQ==
    dependencies:
      "@apollo/usage-reporting-protobuf" "^4.0.0"
      "@apollo/utils.dropunuseddefinitions" "^1.1.0"
      "@apollo/utils.printwithreducedwhitespace" "^1.1.0"
      "@apollo/utils.removealiases" "1.0.0"
      "@apollo/utils.sortast" "^1.1.0"
      "@apollo/utils.stripsensitiveliterals" "^1.2.0"
  
  "@apollographql/apollo-tools@^0.5.3":
    version "0.5.4"
    resolved "http://npm.digitro.com.br/@apollographql%2fapollo-tools/-/apollo-tools-0.5.4.tgz"
    integrity sha512-shM3q7rUbNyXVVRkQJQseXv6bnYM3BUma/eZhwXR4xsuM+bqWnJKvW7SAfRjP7LuSCocrexa5AXhjjawNHrIlw==
  
  "@apollographql/graphql-playground-html@1.6.29":
    version "1.6.29"
    resolved "http://npm.digitro.com.br/@apollographql%2fgraphql-playground-html/-/graphql-playground-html-1.6.29.tgz"
    integrity sha512-xCcXpoz52rI4ksJSdOCxeOCn2DLocxwHf9dVT/Q90Pte1LX+LY+91SFtJF3KXVHH8kEin+g1KKCQPKBjZJfWNA==
    dependencies:
      xss "^1.0.8"
  
  "@graphql-tools/merge@8.3.1":
    version "8.3.1"
    resolved "http://npm.digitro.com.br/@graphql-tools%2fmerge/-/merge-8.3.1.tgz"
    integrity sha512-BMm99mqdNZbEYeTPK3it9r9S6rsZsQKtlqJsSBknAclXq2pGEfOxjcIZi+kBSkHZKPKCRrYDd5vY0+rUmIHVLg==
    dependencies:
      "@graphql-tools/utils" "8.9.0"
      tslib "^2.4.0"
  
  "@graphql-tools/merge@^8.4.1":
    version "8.4.2"
    resolved "http://npm.digitro.com.br/@graphql-tools%2fmerge/-/merge-8.4.2.tgz"
    integrity sha512-XbrHAaj8yDuINph+sAfuq3QCZ/tKblrTLOpirK0+CAgNlZUCHs0Fa+xtMUURgwCVThLle1AF7svJCxFizygLsw==
    dependencies:
      "@graphql-tools/utils" "^9.2.1"
      tslib "^2.4.0"
  
  "@graphql-tools/mock@^8.1.2":
    version "8.7.20"
    resolved "http://npm.digitro.com.br/@graphql-tools%2fmock/-/mock-8.7.20.tgz"
    integrity sha512-ljcHSJWjC/ZyzpXd5cfNhPI7YljRVvabKHPzKjEs5ElxWu2cdlLGvyNYepApXDsM/OJG/2xuhGM+9GWu5gEAPQ==
    dependencies:
      "@graphql-tools/schema" "^9.0.18"
      "@graphql-tools/utils" "^9.2.1"
      fast-json-stable-stringify "^2.1.0"
      tslib "^2.4.0"
  
  "@graphql-tools/schema@^8.0.0":
    version "8.5.1"
    resolved "http://npm.digitro.com.br/@graphql-tools%2fschema/-/schema-8.5.1.tgz"
    integrity sha512-0Esilsh0P/qYcB5DKQpiKeQs/jevzIadNTaT0jeWklPMwNbT7yMX4EqZany7mbeRRlSRwMzNzL5olyFdffHBZg==
    dependencies:
      "@graphql-tools/merge" "8.3.1"
      "@graphql-tools/utils" "8.9.0"
      tslib "^2.4.0"
      value-or-promise "1.0.11"
  
  "@graphql-tools/schema@^9.0.18":
    version "9.0.19"
    resolved "http://npm.digitro.com.br/@graphql-tools%2fschema/-/schema-9.0.19.tgz"
    integrity sha512-oBRPoNBtCkk0zbUsyP4GaIzCt8C0aCI4ycIRUL67KK5pOHljKLBBtGT+Jr6hkzA74C8Gco8bpZPe7aWFjiaK2w==
    dependencies:
      "@graphql-tools/merge" "^8.4.1"
      "@graphql-tools/utils" "^9.2.1"
      tslib "^2.4.0"
      value-or-promise "^1.0.12"
  
  "@graphql-tools/utils@8.9.0":
    version "8.9.0"
    resolved "http://npm.digitro.com.br/@graphql-tools%2futils/-/utils-8.9.0.tgz"
    integrity sha512-pjJIWH0XOVnYGXCqej8g/u/tsfV4LvLlj0eATKQu5zwnxd/TiTHq7Cg313qUPTFFHZ3PP5wJ15chYVtLDwaymg==
    dependencies:
      tslib "^2.4.0"
  
  "@graphql-tools/utils@^9.2.1":
    version "9.2.1"
    resolved "http://npm.digitro.com.br/@graphql-tools%2futils/-/utils-9.2.1.tgz"
    integrity sha512-WUw506Ql6xzmOORlriNrD6Ugx+HjVgYxt9KCXD9mHAak+eaXSwuGGPyE60hy9xaDEoXKBsG7SkG69ybitaVl6A==
    dependencies:
      "@graphql-typed-document-node/core" "^3.1.1"
      tslib "^2.4.0"
  
  "@graphql-typed-document-node/core@^3.1.1":
    version "3.2.0"
    resolved "http://npm.digitro.com.br/@graphql-typed-document-node%2fcore/-/core-3.2.0.tgz"
    integrity sha512-mB9oAsNCm9aM3/SOv4YtBMqZbYj10R7dkq8byBqxGY/ncFwhf2oQzMV+LCRlWoDSEBJ3COiR1yeDvMtsoOsuFQ==
  
  "@josephg/resolvable@^1.0.0":
    version "1.0.1"
    resolved "http://npm.digitro.com.br/@josephg%2fresolvable/-/resolvable-1.0.1.tgz"
    integrity sha512-CtzORUwWTTOTqfVtHaKRJ0I1kNQd1bpn3sUh8I3nJDVY+5/M/Oe1DnEWzPQvqq/xPIIkzzzIP7mfCoAjFRvDhg==
  
  "@prisma/client@5.5.2":
    version "5.5.2"
    resolved "http://npm.digitro.com.br/@prisma%2fclient/-/client-5.5.2.tgz#ce6389e7ad9e9cf0fc2a7c6a0032ad2e12a9fd61"
    integrity sha512-54XkqR8M+fxbzYqe+bIXimYnkkcGqgOh0dn0yWtIk6CQT4IUCAvNFNcQZwk2KqaLU+/1PHTSWrcHtx4XjluR5w==
    dependencies:
      "@prisma/engines-version" "5.5.1-1.aebc046ce8b88ebbcb45efe31cbe7d06fd6abc0a"
  
  "@prisma/engines-version@5.5.1-1.aebc046ce8b88ebbcb45efe31cbe7d06fd6abc0a":
    version "5.5.1-1.aebc046ce8b88ebbcb45efe31cbe7d06fd6abc0a"
    resolved "http://npm.digitro.com.br/@prisma%2fengines-version/-/engines-version-5.5.1-1.aebc046ce8b88ebbcb45efe31cbe7d06fd6abc0a.tgz#35cd59ed65ee1f9e333f4865ec86a4432c4d0a9c"
    integrity sha512-O+qHFnZvAyOFk1tUco2/VdiqS0ym42a3+6CYLScllmnpbyiTplgyLt2rK/B9BTjYkSHjrgMhkG47S0oqzdIckA==
  
  "@prisma/engines@5.5.2":
    version "5.5.2"
    resolved "http://npm.digitro.com.br/@prisma%2fengines/-/engines-5.5.2.tgz#fe0d2361a48c7d59568ccf0d35c75432594e1ac1"
    integrity sha512-Be5hoNF8k+lkB3uEMiCHbhbfF6aj1GnrTBnn5iYFT7GEr3TsOEp1soviEcBR0tYCgHbxjcIxJMhdbvxALJhAqg==
  
  "@protobufjs/aspromise@^1.1.1", "@protobufjs/aspromise@^1.1.2":
    version "1.1.2"
    resolved "http://npm.digitro.com.br/@protobufjs%2faspromise/-/aspromise-1.1.2.tgz"
    integrity sha1-m4sMxmPWaafY9vXQiToU00jzD78=
  
  "@protobufjs/base64@^1.1.2":
    version "1.1.2"
    resolved "http://npm.digitro.com.br/@protobufjs%2fbase64/-/base64-1.1.2.tgz"
    integrity sha512-AZkcAA5vnN/v4PDqKyMR5lx7hZttPDgClv83E//FMNhR2TMcLUhfRUBHCmSl0oi9zMgDDqRUJkSxO3wm85+XLg==
  
  "@protobufjs/codegen@^2.0.4":
    version "2.0.4"
    resolved "http://npm.digitro.com.br/@protobufjs%2fcodegen/-/codegen-2.0.4.tgz"
    integrity sha512-YyFaikqM5sH0ziFZCN3xDC7zeGaB/d0IUb9CATugHWbd1FRFwWwt4ld4OYMPWu5a3Xe01mGAULCdqhMlPl29Jg==
  
  "@protobufjs/eventemitter@^1.1.0":
    version "1.1.0"
    resolved "http://npm.digitro.com.br/@protobufjs%2feventemitter/-/eventemitter-1.1.0.tgz"
    integrity sha1-NVy8mLr61ZePntCV85diHx0Ga3A=
  
  "@protobufjs/fetch@^1.1.0":
    version "1.1.0"
    resolved "http://npm.digitro.com.br/@protobufjs%2ffetch/-/fetch-1.1.0.tgz"
    integrity sha1-upn7WYYUr2VwDBYZ/wbUVLDYTEU=
    dependencies:
      "@protobufjs/aspromise" "^1.1.1"
      "@protobufjs/inquire" "^1.1.0"
  
  "@protobufjs/float@^1.0.2":
    version "1.0.2"
    resolved "http://npm.digitro.com.br/@protobufjs%2ffloat/-/float-1.0.2.tgz"
    integrity sha1-Xp4avctz/Ap8uLKR33jIy9l7h9E=
  
  "@protobufjs/inquire@^1.1.0":
    version "1.1.0"
    resolved "http://npm.digitro.com.br/@protobufjs%2finquire/-/inquire-1.1.0.tgz"
    integrity sha1-/yAOPnzyQp4tyvwRQIKOjMY48Ik=
  
  "@protobufjs/path@^1.1.2":
    version "1.1.2"
    resolved "http://npm.digitro.com.br/@protobufjs%2fpath/-/path-1.1.2.tgz"
    integrity sha1-bMKyDFya1q0NzP0hynZz2Nf79o0=
  
  "@protobufjs/pool@^1.1.0":
    version "1.1.0"
    resolved "http://npm.digitro.com.br/@protobufjs%2fpool/-/pool-1.1.0.tgz"
    integrity sha1-Cf0V8tbTq/qbZbw2ZQbWrXhG/1Q=
  
  "@protobufjs/utf8@^1.1.0":
    version "1.1.0"
    resolved "http://npm.digitro.com.br/@protobufjs%2futf8/-/utf8-1.1.0.tgz"
    integrity sha1-p3c2C1s5oaLlEG+OhY8v0tBgxXA=
  
  "@types/accepts@^1.3.5":
    version "1.3.6"
    resolved "http://npm.digitro.com.br/@types%2faccepts/-/accepts-1.3.6.tgz"
    integrity sha512-6+qlUg57yfE9OO63wnsJXLeq9cG3gSHBBIxNMOjNrbDRlDnm/NaR7RctfYcVCPq+j7d+MwOxqVEludH5+FKrlg==
    dependencies:
      "@types/node" "*"
  
  "@types/body-parser@*":
    version "1.19.4"
    resolved "http://npm.digitro.com.br/@types%2fbody-parser/-/body-parser-1.19.4.tgz"
    integrity sha512-N7UDG0/xiPQa2D/XrVJXjkWbpqHCd2sBaB32ggRF2l83RhPfamgKGF8gwwqyksS95qUS5ZYF9aF+lLPRlwI2UA==
    dependencies:
      "@types/connect" "*"
      "@types/node" "*"
  
  "@types/body-parser@1.19.2":
    version "1.19.2"
    resolved "http://npm.digitro.com.br/@types%2fbody-parser/-/body-parser-1.19.2.tgz"
    integrity sha512-ALYone6pm6QmwZoAgeyNksccT9Q4AWZQ6PvfwR37GT6r6FWUPguq6sUmNGSMV2Wr761oQoBxwGGa6DR5o1DC9g==
    dependencies:
      "@types/connect" "*"
      "@types/node" "*"
  
  "@types/connect@*":
    version "3.4.37"
    resolved "http://npm.digitro.com.br/@types%2fconnect/-/connect-3.4.37.tgz"
    integrity sha512-zBUSRqkfZ59OcwXon4HVxhx5oWCJmc0OtBTK05M+p0dYjgN6iTwIL2T/WbsQZrEsdnwaF9cWQ+azOnpPvIqY3Q==
    dependencies:
      "@types/node" "*"
  
  "@types/cors@2.8.12":
    version "2.8.12"
    resolved "http://npm.digitro.com.br/@types%2fcors/-/cors-2.8.12.tgz"
    integrity sha512-vt+kDhq/M2ayberEtJcIN/hxXy1Pk+59g2FV/ZQceeaTyCtCucjL2Q7FXlFjtWn4n15KCr1NE2lNNFhp0lEThw==
  
  "@types/express-serve-static-core@4.17.31":
    version "4.17.31"
    resolved "http://npm.digitro.com.br/@types%2fexpress-serve-static-core/-/express-serve-static-core-4.17.31.tgz"
    integrity sha512-DxMhY+NAsTwMMFHBTtJFNp5qiHKJ7TeqOo23zVEM9alT1Ml27Q3xcTH0xwxn7Q0BbMcVEJOs/7aQtUWupUQN3Q==
    dependencies:
      "@types/node" "*"
      "@types/qs" "*"
      "@types/range-parser" "*"
  
  "@types/express-serve-static-core@^4.17.18":
    version "4.17.39"
    resolved "http://npm.digitro.com.br/@types%2fexpress-serve-static-core/-/express-serve-static-core-4.17.39.tgz"
    integrity sha512-BiEUfAiGCOllomsRAZOiMFP7LAnrifHpt56pc4Z7l9K6ACyN06Ns1JLMBxwkfLOjJRlSf06NwWsT7yzfpaVpyQ==
    dependencies:
      "@types/node" "*"
      "@types/qs" "*"
      "@types/range-parser" "*"
      "@types/send" "*"
  
  "@types/express@4.17.14":
    version "4.17.14"
    resolved "http://npm.digitro.com.br/@types%2fexpress/-/express-4.17.14.tgz"
    integrity sha512-TEbt+vaPFQ+xpxFLFssxUDXj5cWCxZJjIcB7Yg0k0GMHGtgtQgpvx/MUQUeAkNbA9AAGrwkAsoeItdTgS7FMyg==
    dependencies:
      "@types/body-parser" "*"
      "@types/express-serve-static-core" "^4.17.18"
      "@types/qs" "*"
      "@types/serve-static" "*"
  
  "@types/http-errors@*":
    version "2.0.3"
    resolved "http://npm.digitro.com.br/@types%2fhttp-errors/-/http-errors-2.0.3.tgz"
    integrity sha512-pP0P/9BnCj1OVvQR2lF41EkDG/lWWnDyA203b/4Fmi2eTyORnBtcDoKDwjWQthELrBvWkMOrvSOnZ8OVlW6tXA==
  
  "@types/long@^4.0.0":
    version "4.0.2"
    resolved "http://npm.digitro.com.br/@types%2flong/-/long-4.0.2.tgz"
    integrity sha512-MqTGEo5bj5t157U6fA/BiDynNkn0YknVdh48CMPkTSpFTVmvao5UQmm7uEF6xBEo7qIMAlY/JSleYaE6VOdpaA==
  
  "@types/mime@*":
    version "3.0.3"
    resolved "http://npm.digitro.com.br/@types%2fmime/-/mime-3.0.3.tgz"
    integrity sha512-i8MBln35l856k5iOhKk2XJ4SeAWg75mLIpZB4v6imOagKL6twsukBZGDMNhdOVk7yRFTMPpfILocMos59Q1otQ==
  
  "@types/mime@^1":
    version "1.3.4"
    resolved "http://npm.digitro.com.br/@types%2fmime/-/mime-1.3.4.tgz"
    integrity sha512-1Gjee59G25MrQGk8bsNvC6fxNiRgUlGn2wlhGf95a59DrprnnHk80FIMMFG9XHMdrfsuA119ht06QPDXA1Z7tw==
  
  "@types/node@*", "@types/node@^20.8.9":
    version "20.8.9"
    resolved "http://npm.digitro.com.br/@types%2fnode/-/node-20.8.9.tgz"
    integrity sha512-UzykFsT3FhHb1h7yD4CA4YhBHq545JC0YnEz41xkipN88eKQtL6rSgocL5tbAP6Ola9Izm/Aw4Ora8He4x0BHg==
    dependencies:
      undici-types "~5.26.4"
  
  "@types/node@^10.1.0":
    version "10.17.60"
    resolved "http://npm.digitro.com.br/@types%2fnode/-/node-10.17.60.tgz"
    integrity sha512-F0KIgDJfy2nA3zMLmWGKxcH2ZVEtCZXHHdOQs2gSaQ27+lNeEfGxzkIw90aXswATX7AZ33tahPbzy6KAfUreVw==
  
  "@types/qs@*":
    version "6.9.9"
    resolved "http://npm.digitro.com.br/@types%2fqs/-/qs-6.9.9.tgz"
    integrity sha512-wYLxw35euwqGvTDx6zfY1vokBFnsK0HNrzc6xNHchxfO2hpuRg74GbkEW7e3sSmPvj0TjCDT1VCa6OtHXnubsg==
  
  "@types/range-parser@*":
    version "1.2.6"
    resolved "http://npm.digitro.com.br/@types%2frange-parser/-/range-parser-1.2.6.tgz"
    integrity sha512-+0autS93xyXizIYiyL02FCY8N+KkKPhILhcUSA276HxzreZ16kl+cmwvV2qAM/PuCCwPXzOXOWhiPcw20uSFcA==
  
  "@types/send@*":
    version "0.17.3"
    resolved "http://npm.digitro.com.br/@types%2fsend/-/send-0.17.3.tgz"
    integrity sha512-/7fKxvKUoETxjFUsuFlPB9YndePpxxRAOfGC/yJdc9kTjTeP5kRCTzfnE8kPUKCeyiyIZu0YQ76s50hCedI1ug==
    dependencies:
      "@types/mime" "^1"
      "@types/node" "*"
  
  "@types/serve-static@*":
    version "1.15.4"
    resolved "http://npm.digitro.com.br/@types%2fserve-static/-/serve-static-1.15.4.tgz"
    integrity sha512-aqqNfs1XTF0HDrFdlY//+SGUxmdSUbjeRXb5iaZc3x0/vMbYmdw9qvOgHWOyyLFxSSRnUuP5+724zBgfw8/WAw==
    dependencies:
      "@types/http-errors" "*"
      "@types/mime" "*"
      "@types/node" "*"
  
  abbrev@1:
    version "1.1.1"
    resolved "http://npm.digitro.com.br/abbrev/-/abbrev-1.1.1.tgz"
    integrity sha512-nne9/IiQ/hzIhY6pdDnbBtz7DjPTKrY00P/zvPSm5pOFkl6xuGrGnXn/VtTNNfNtAfZ9/1RtehkszU9qcTii0Q==
  
  accepts@^1.3.5, accepts@~1.3.8:
    version "1.3.8"
    resolved "http://npm.digitro.com.br/accepts/-/accepts-1.3.8.tgz"
    integrity sha512-PYAthTa2m2VKxuvSD3DPC/Gy+U+sOA1LAuT8mkmRuvw+NACSaeXEQ+NHcVF7rONl6qcaxV3Uuemwawk+7+SJLw==
    dependencies:
      mime-types "~2.1.34"
      negotiator "0.6.3"
  
  anymatch@~3.1.2:
    version "3.1.3"
    resolved "http://npm.digitro.com.br/anymatch/-/anymatch-3.1.3.tgz"
    integrity sha512-KMReFUr0B4t+D+OBkjR3KYqvocp2XaSzO55UcB6mgQMd3KbcE+mWTyvVV7D/zsdEbNnV6acZUutkiHQXvTr1Rw==
    dependencies:
      normalize-path "^3.0.0"
      picomatch "^2.0.4"
  
  apollo-datasource@^3.3.2:
    version "3.3.2"
    resolved "http://npm.digitro.com.br/apollo-datasource/-/apollo-datasource-3.3.2.tgz"
    integrity sha512-L5TiS8E2Hn/Yz7SSnWIVbZw0ZfEIXZCa5VUiVxD9P53JvSrf4aStvsFDlGWPvpIdCR+aly2CfoB79B9/JjKFqg==
    dependencies:
      "@apollo/utils.keyvaluecache" "^1.0.1"
      apollo-server-env "^4.2.1"
  
  apollo-reporting-protobuf@^3.4.0:
    version "3.4.0"
    resolved "http://npm.digitro.com.br/apollo-reporting-protobuf/-/apollo-reporting-protobuf-3.4.0.tgz"
    integrity sha512-h0u3EbC/9RpihWOmcSsvTW2O6RXVaD/mPEjfrPkxRPTEPWqncsgOoRJw+wih4OqfH3PvTJvoEIf4LwKrUaqWog==
    dependencies:
      "@apollo/protobufjs" "1.2.6"
  
  apollo-server-core@^3.12.1:
    version "3.12.1"
    resolved "http://npm.digitro.com.br/apollo-server-core/-/apollo-server-core-3.12.1.tgz"
    integrity sha512-9SF5WAkkV0FZQ2HVUWI9Jada1U0jg7e8NCN9EklbtvaCeUlOLyXyM+KCWuZ7+dqHxjshbtcwylPHutt3uzoNkw==
    dependencies:
      "@apollo/utils.keyvaluecache" "^1.0.1"
      "@apollo/utils.logger" "^1.0.0"
      "@apollo/utils.usagereporting" "^1.0.0"
      "@apollographql/apollo-tools" "^0.5.3"
      "@apollographql/graphql-playground-html" "1.6.29"
      "@graphql-tools/mock" "^8.1.2"
      "@graphql-tools/schema" "^8.0.0"
      "@josephg/resolvable" "^1.0.0"
      apollo-datasource "^3.3.2"
      apollo-reporting-protobuf "^3.4.0"
      apollo-server-env "^4.2.1"
      apollo-server-errors "^3.3.1"
      apollo-server-plugin-base "^3.7.2"
      apollo-server-types "^3.8.0"
      async-retry "^1.2.1"
      fast-json-stable-stringify "^2.1.0"
      graphql-tag "^2.11.0"
      loglevel "^1.6.8"
      lru-cache "^6.0.0"
      node-abort-controller "^3.0.1"
      sha.js "^2.4.11"
      uuid "^9.0.0"
      whatwg-mimetype "^3.0.0"
  
  apollo-server-env@^4.2.1:
    version "4.2.1"
    resolved "http://npm.digitro.com.br/apollo-server-env/-/apollo-server-env-4.2.1.tgz"
    integrity sha512-vm/7c7ld+zFMxibzqZ7SSa5tBENc4B0uye9LTfjJwGoQFY5xsUPH5FpO5j0bMUDZ8YYNbrF9SNtzc5Cngcr90g==
    dependencies:
      node-fetch "^2.6.7"
  
  apollo-server-errors@^3.3.1:
    version "3.3.1"
    resolved "http://npm.digitro.com.br/apollo-server-errors/-/apollo-server-errors-3.3.1.tgz"
    integrity sha512-xnZJ5QWs6FixHICXHxUfm+ZWqqxrNuPlQ+kj5m6RtEgIpekOPssH/SD9gf2B4HuWV0QozorrygwZnux8POvyPA==
  
  apollo-server-express@^3.12.1:
    version "3.12.1"
    resolved "http://npm.digitro.com.br/apollo-server-express/-/apollo-server-express-3.12.1.tgz"
    integrity sha512-5A9efrhEXqDx08BnORWf0zPYCABENqur47VZZW8osQpSSnMINqzJiV5RMrzz8wIznecRRhEcz+BqLdiexqZdgg==
    dependencies:
      "@types/accepts" "^1.3.5"
      "@types/body-parser" "1.19.2"
      "@types/cors" "2.8.12"
      "@types/express" "4.17.14"
      "@types/express-serve-static-core" "4.17.31"
      accepts "^1.3.5"
      apollo-server-core "^3.12.1"
      apollo-server-types "^3.8.0"
      body-parser "^1.19.0"
      cors "^2.8.5"
      parseurl "^1.3.3"
  
  apollo-server-plugin-base@^3.7.2:
    version "3.7.2"
    resolved "http://npm.digitro.com.br/apollo-server-plugin-base/-/apollo-server-plugin-base-3.7.2.tgz"
    integrity sha512-wE8dwGDvBOGehSsPTRZ8P/33Jan6/PmL0y0aN/1Z5a5GcbFhDaaJCjK5cav6npbbGL2DPKK0r6MPXi3k3N45aw==
    dependencies:
      apollo-server-types "^3.8.0"
  
  apollo-server-types@^3.8.0:
    version "3.8.0"
    resolved "http://npm.digitro.com.br/apollo-server-types/-/apollo-server-types-3.8.0.tgz"
    integrity sha512-ZI/8rTE4ww8BHktsVpb91Sdq7Cb71rdSkXELSwdSR0eXu600/sY+1UXhTWdiJvk+Eq5ljqoHLwLbY2+Clq2b9A==
    dependencies:
      "@apollo/utils.keyvaluecache" "^1.0.1"
      "@apollo/utils.logger" "^1.0.0"
      apollo-reporting-protobuf "^3.4.0"
      apollo-server-env "^4.2.1"
  
  array-flatten@1.1.1:
    version "1.1.1"
    resolved "http://npm.digitro.com.br/array-flatten/-/array-flatten-1.1.1.tgz"
    integrity sha1-ml9pkFGx5wczKPKgCJaLZOopVdI=
  
  async-retry@^1.2.1:
    version "1.3.3"
    resolved "http://npm.digitro.com.br/async-retry/-/async-retry-1.3.3.tgz"
    integrity sha512-wfr/jstw9xNi/0teMHrRW7dsz3Lt5ARhYNZ2ewpadnhaIp5mbALhOAP+EAdsC7t4Z6wqsDVv9+W6gm1Dk9mEyw==
    dependencies:
      retry "0.13.1"
  
  balanced-match@^1.0.0:
    version "1.0.2"
    resolved "http://npm.digitro.com.br/balanced-match/-/balanced-match-1.0.2.tgz"
    integrity sha512-3oSeUO0TMV67hN1AmbXsK4yaqU7tjiHlbxRDZOpH0KW9+CeX4bRAaX0Anxt0tx2MrpRpWwQaPwIlISEJhYU5Pw==
  
  binary-extensions@^2.0.0:
    version "2.2.0"
    resolved "http://npm.digitro.com.br/binary-extensions/-/binary-extensions-2.2.0.tgz"
    integrity sha512-jDctJ/IVQbZoJykoeHbhXpOlNBqGNcwXJKJog42E5HDPUwQTSdjCHdihjj0DlnheQ7blbT6dHOafNAiS8ooQKA==
  
  body-parser@1.20.1:
    version "1.20.1"
    resolved "http://npm.digitro.com.br/body-parser/-/body-parser-1.20.1.tgz"
    integrity sha512-jWi7abTbYwajOytWCQc37VulmWiRae5RyTpaCyDcS5/lMdtwSz5lOpDE67srw/HYe35f1z3fDQw+3txg7gNtWw==
    dependencies:
      bytes "3.1.2"
      content-type "~1.0.4"
      debug "2.6.9"
      depd "2.0.0"
      destroy "1.2.0"
      http-errors "2.0.0"
      iconv-lite "0.4.24"
      on-finished "2.4.1"
      qs "6.11.0"
      raw-body "2.5.1"
      type-is "~1.6.18"
      unpipe "1.0.0"
  
  body-parser@^1.19.0:
    version "1.20.2"
    resolved "http://npm.digitro.com.br/body-parser/-/body-parser-1.20.2.tgz"
    integrity sha512-ml9pReCu3M61kGlqoTm2umSXTlRTuGTx0bfYj+uIUKKYycG5NtSbeetV3faSU6R7ajOPw0g/J1PvK4qNy7s5bA==
    dependencies:
      bytes "3.1.2"
      content-type "~1.0.5"
      debug "2.6.9"
      depd "2.0.0"
      destroy "1.2.0"
      http-errors "2.0.0"
      iconv-lite "0.4.24"
      on-finished "2.4.1"
      qs "6.11.0"
      raw-body "2.5.2"
      type-is "~1.6.18"
      unpipe "1.0.0"
  
  brace-expansion@^1.1.7:
    version "1.1.11"
    resolved "http://npm.digitro.com.br/brace-expansion/-/brace-expansion-1.1.11.tgz"
    integrity sha512-iCuPHDFgrHX7H2vEI/5xpz07zSHB00TpugqhmYtVmMO6518mCuRMoOYFldEBl0g187ufozdaHgWKcYFb61qGiA==
    dependencies:
      balanced-match "^1.0.0"
      concat-map "0.0.1"
  
  braces@~3.0.2:
    version "3.0.2"
    resolved "http://npm.digitro.com.br/braces/-/braces-3.0.2.tgz"
    integrity sha512-b8um+L1RzM3WDSzvhm6gIz1yfTbBt6YTlcEKAvsmqCZZFw46z626lVj9j1yEPW33H5H+lBQpZMP1k8l+78Ha0A==
    dependencies:
      fill-range "^7.0.1"
  
  bytes@3.1.2:
    version "3.1.2"
    resolved "http://npm.digitro.com.br/bytes/-/bytes-3.1.2.tgz"
    integrity sha512-/Nf7TyzTx6S3yRJObOAV7956r8cr2+Oj8AC5dt8wSP3BQAoeX58NoHyCU8P8zGkNXStjTSi6fzO6F0pBdcYbEg==
  
  call-bind@^1.0.0:
    version "1.0.5"
    resolved "http://npm.digitro.com.br/call-bind/-/call-bind-1.0.5.tgz"
    integrity sha512-C3nQxfFZxFRVoJoGKKI8y3MOEo129NQ+FgQ08iye+Mk4zNZZGdjfs06bVTr+DBSlA66Q2VEcMki/cUCP4SercQ==
    dependencies:
      function-bind "^1.1.2"
      get-intrinsic "^1.2.1"
      set-function-length "^1.1.1"
  
  chokidar@^3.5.2:
    version "3.5.3"
    resolved "http://npm.digitro.com.br/chokidar/-/chokidar-3.5.3.tgz"
    integrity sha512-Dr3sfKRP6oTcjf2JmUmFJfeVMvXBdegxB0iVQ5eb2V10uFJUCAS8OByZdVAyVb8xXNz3GjjTgj9kLWsZTqE6kw==
    dependencies:
      anymatch "~3.1.2"
      braces "~3.0.2"
      glob-parent "~5.1.2"
      is-binary-path "~2.1.0"
      is-glob "~4.0.1"
      normalize-path "~3.0.0"
      readdirp "~3.6.0"
    optionalDependencies:
      fsevents "~2.3.2"
  
  commander@^2.20.3:
    version "2.20.3"
    resolved "http://npm.digitro.com.br/commander/-/commander-2.20.3.tgz"
    integrity sha512-GpVkmM8vF2vQUkj2LvZmD35JxeJOLCwJ9cUkugyk2nuhbv3+mJvpLYYt+0+USMxE+oj+ey/lJEnhZw75x/OMcQ==
  
  concat-map@0.0.1:
    version "0.0.1"
    resolved "http://npm.digitro.com.br/concat-map/-/concat-map-0.0.1.tgz"
    integrity sha1-2Klr13/Wjfd5OnMDajug1UBdR3s=
  
  content-disposition@0.5.4:
    version "0.5.4"
    resolved "http://npm.digitro.com.br/content-disposition/-/content-disposition-0.5.4.tgz"
    integrity sha512-FveZTNuGw04cxlAiWbzi6zTAL/lhehaWbTtgluJh4/E95DqMwTmha3KZN1aAWA8cFIhHzMZUvLevkw5Rqk+tSQ==
    dependencies:
      safe-buffer "5.2.1"
  
  content-type@~1.0.4, content-type@~1.0.5:
    version "1.0.5"
    resolved "http://npm.digitro.com.br/content-type/-/content-type-1.0.5.tgz"
    integrity sha512-nTjqfcBFEipKdXCv4YDQWCfmcLZKm81ldF0pAopTvyrFGVbcR6P/VAAd5G7N+0tTr8QqiU0tFadD6FK4NtJwOA==
  
  cookie-signature@1.0.6:
    version "1.0.6"
    resolved "http://npm.digitro.com.br/cookie-signature/-/cookie-signature-1.0.6.tgz"
    integrity sha1-4wOogrNCzD7oylE6eZmXNNqzriw=
  
  cookie@0.5.0:
    version "0.5.0"
    resolved "http://npm.digitro.com.br/cookie/-/cookie-0.5.0.tgz"
    integrity sha512-YZ3GUyn/o8gfKJlnlX7g7xq4gyO6OSuhGPKaaGssGB2qgDUS0gPgtTvoyZLTt9Ab6dC4hfc9dV5arkvc/OCmrw==
  
  cors@^2.8.5:
    version "2.8.5"
    resolved "http://npm.digitro.com.br/cors/-/cors-2.8.5.tgz"
    integrity sha512-KIHbLJqu73RGr/hnbrO9uBeixNGuvSQjul/jdFvS/KFSIH1hWVd1ng7zOHx+YrEfInLG7q4n6GHQ9cDtxv/P6g==
    dependencies:
      object-assign "^4"
      vary "^1"
  
  cssfilter@0.0.10:
    version "0.0.10"
    resolved "http://npm.digitro.com.br/cssfilter/-/cssfilter-0.0.10.tgz"
    integrity sha1-xtJnJjKi5cg+AT5oZKQs6N79IK4=
  
  debug@2.6.9:
    version "2.6.9"
    resolved "http://npm.digitro.com.br/debug/-/debug-2.6.9.tgz"
    integrity sha512-bC7ElrdJaJnPbAP+1EotYvqZsb3ecl5wi6Bfi6BJTUcNowp6cvspg0jXznRTKDjm/E7AdgFBVeAPVMNcKGsHMA==
    dependencies:
      ms "2.0.0"
  
  debug@^3.2.7:
    version "3.2.7"
    resolved "http://npm.digitro.com.br/debug/-/debug-3.2.7.tgz"
    integrity sha512-CFjzYYAi4ThfiQvizrFQevTTXHtnCqWfe7x1AhgEscTz6ZbLbfoLRLPugTQyBth6f8ZERVUSyWHFD/7Wu4t1XQ==
    dependencies:
      ms "^2.1.1"
  
  define-data-property@^1.1.1:
    version "1.1.1"
    resolved "http://npm.digitro.com.br/define-data-property/-/define-data-property-1.1.1.tgz"
    integrity sha512-E7uGkTzkk1d0ByLeSc6ZsFS79Axg+m1P/VsgYsxHgiuc3tFSj+MjMIwe90FC4lOAZzNBdY7kkO2P2wKdsQ1vgQ==
    dependencies:
      get-intrinsic "^1.2.1"
      gopd "^1.0.1"
      has-property-descriptors "^1.0.0"
  
  depd@2.0.0:
    version "2.0.0"
    resolved "http://npm.digitro.com.br/depd/-/depd-2.0.0.tgz"
    integrity sha512-g7nH6P6dyDioJogAAGprGpCtVImJhpPk/roCzdb3fIh61/s/nPsfR6onyMwkCAR/OlC3yBC0lESvUoQEAssIrw==
  
  destroy@1.2.0:
    version "1.2.0"
    resolved "http://npm.digitro.com.br/destroy/-/destroy-1.2.0.tgz"
    integrity sha512-2sJGJTaXIIaR1w4iJSNoN0hnMY7Gpc/n8D4qSCJw8QqFWXf7cuAgnEHxBpweaVcPevC2l3KpjYCx3NypQQgaJg==
  
  ee-first@1.1.1:
    version "1.1.1"
    resolved "http://npm.digitro.com.br/ee-first/-/ee-first-1.1.1.tgz"
    integrity sha1-WQxhFWsK4vTwJVcyoViyZrxWsh0=
  
  encodeurl@~1.0.2:
    version "1.0.2"
    resolved "http://npm.digitro.com.br/encodeurl/-/encodeurl-1.0.2.tgz"
    integrity sha1-rT/0yG7C0CkyL1oCw6mmBslbP1k=
  
  escape-html@~1.0.3:
    version "1.0.3"
    resolved "http://npm.digitro.com.br/escape-html/-/escape-html-1.0.3.tgz"
    integrity sha1-Aljq5NPQwJdN4cFpGI7wBR0dGYg=
  
  etag@~1.8.1:
    version "1.8.1"
    resolved "http://npm.digitro.com.br/etag/-/etag-1.8.1.tgz"
    integrity sha1-Qa4u62XvpiJorr/qg6x9eSmbCIc=
  
  express@^4.18.2:
    version "4.18.2"
    resolved "http://npm.digitro.com.br/express/-/express-4.18.2.tgz"
    integrity sha512-5/PsL6iGPdfQ/lKM1UuielYgv3BUoJfz1aUwU9vHZ+J7gyvwdQXFEBIEIaxeGf0GIcreATNyBExtalisDbuMqQ==
    dependencies:
      accepts "~1.3.8"
      array-flatten "1.1.1"
      body-parser "1.20.1"
      content-disposition "0.5.4"
      content-type "~1.0.4"
      cookie "0.5.0"
      cookie-signature "1.0.6"
      debug "2.6.9"
      depd "2.0.0"
      encodeurl "~1.0.2"
      escape-html "~1.0.3"
      etag "~1.8.1"
      finalhandler "1.2.0"
      fresh "0.5.2"
      http-errors "2.0.0"
      merge-descriptors "1.0.1"
      methods "~1.1.2"
      on-finished "2.4.1"
      parseurl "~1.3.3"
      path-to-regexp "0.1.7"
      proxy-addr "~2.0.7"
      qs "6.11.0"
      range-parser "~1.2.1"
      safe-buffer "5.2.1"
      send "0.18.0"
      serve-static "1.15.0"
      setprototypeof "1.2.0"
      statuses "2.0.1"
      type-is "~1.6.18"
      utils-merge "1.0.1"
      vary "~1.1.2"
  
  fast-json-stable-stringify@^2.1.0:
    version "2.1.0"
    resolved "http://npm.digitro.com.br/fast-json-stable-stringify/-/fast-json-stable-stringify-2.1.0.tgz"
    integrity sha512-lhd/wF+Lk98HZoTCtlVraHtfh5XYijIjalXck7saUtuanSDyLMxnHhSXEDJqHxD7msR8D0uCmqlkwjCV8xvwHw==
  
  fill-range@^7.0.1:
    version "7.0.1"
    resolved "http://npm.digitro.com.br/fill-range/-/fill-range-7.0.1.tgz"
    integrity sha512-qOo9F+dMUmC2Lcb4BbVvnKJxTPjCm+RRpe4gDuGrzkL7mEVl/djYSu2OdQ2Pa302N4oqkSg9ir6jaLWJ2USVpQ==
    dependencies:
      to-regex-range "^5.0.1"
  
  finalhandler@1.2.0:
    version "1.2.0"
    resolved "http://npm.digitro.com.br/finalhandler/-/finalhandler-1.2.0.tgz"
    integrity sha512-5uXcUVftlQMFnWC9qu/svkWv3GTd2PfUhK/3PLkYNAe7FbqJMt3515HaxE6eRL74GdsriiwujiawdaB1BpEISg==
    dependencies:
      debug "2.6.9"
      encodeurl "~1.0.2"
      escape-html "~1.0.3"
      on-finished "2.4.1"
      parseurl "~1.3.3"
      statuses "2.0.1"
      unpipe "~1.0.0"
  
  forwarded@0.2.0:
    version "0.2.0"
    resolved "http://npm.digitro.com.br/forwarded/-/forwarded-0.2.0.tgz"
    integrity sha512-buRG0fpBtRHSTCOASe6hD258tEubFoRLb4ZNA6NxMVHNw2gOcwHo9wyablzMzOA5z9xA9L1KNjk/Nt6MT9aYow==
  
  fresh@0.5.2:
    version "0.5.2"
    resolved "http://npm.digitro.com.br/fresh/-/fresh-0.5.2.tgz"
    integrity sha1-PYyt2Q2XZWn6g1qx+OSyOhBWBac=
  
  fsevents@~2.3.2:
    version "2.3.3"
    resolved "http://npm.digitro.com.br/fsevents/-/fsevents-2.3.3.tgz#cac6407785d03675a2a5e1a5305c697b347d90d6"
    integrity sha512-5xoDfX+fL7faATnagmWPpbFtwh/R77WmMMqqHGS65C3vvB0YHrgF+B1YmZ3441tMj5n63k0212XNoJwzlhffQw==
  
  function-bind@^1.1.2:
    version "1.1.2"
    resolved "http://npm.digitro.com.br/function-bind/-/function-bind-1.1.2.tgz"
    integrity sha512-7XHNxH7qX9xG5mIwxkhumTox/MIRNcOgDrxWsMt2pAr23WHp6MrRlN7FBSFpCpr+oVO0F744iUgR82nJMfG2SA==
  
  get-intrinsic@^1.0.2, get-intrinsic@^1.1.3, get-intrinsic@^1.2.1, get-intrinsic@^1.2.2:
    version "1.2.2"
    resolved "http://npm.digitro.com.br/get-intrinsic/-/get-intrinsic-1.2.2.tgz"
    integrity sha512-0gSo4ml/0j98Y3lngkFEot/zhiCeWsbYIlZ+uZOVgzLyLaUw7wxUL+nCTP0XJvJg1AXulJRI3UJi8GsbDuxdGA==
    dependencies:
      function-bind "^1.1.2"
      has-proto "^1.0.1"
      has-symbols "^1.0.3"
      hasown "^2.0.0"
  
  glob-parent@~5.1.2:
    version "5.1.2"
    resolved "http://npm.digitro.com.br/glob-parent/-/glob-parent-5.1.2.tgz"
    integrity sha512-AOIgSQCepiJYwP3ARnGx+5VnTu2HBYdzbGP45eLw1vr3zB3vZLeyed1sC9hnbcOc9/SrMyM5RPQrkGz4aS9Zow==
    dependencies:
      is-glob "^4.0.1"
  
  gopd@^1.0.1:
    version "1.0.1"
    resolved "http://npm.digitro.com.br/gopd/-/gopd-1.0.1.tgz"
    integrity sha512-d65bNlIadxvpb/A2abVdlqKqV563juRnZ1Wtk6s1sIR8uNsXR70xqIzVqxVf1eTqDunwT2MkczEeaezCKTZhwA==
    dependencies:
      get-intrinsic "^1.1.3"
  
  graphql-tag@^2.11.0:
    version "2.12.6"
    resolved "http://npm.digitro.com.br/graphql-tag/-/graphql-tag-2.12.6.tgz"
    integrity sha512-FdSNcu2QQcWnM2VNvSCCDCVS5PpPqpzgFT8+GXzqJuoDd0CBncxCY278u4mhRO7tMgo2JjgJA5aZ+nWSQ/Z+xg==
    dependencies:
      tslib "^2.1.0"
  
  graphql@^16.8.1:
    version "16.8.1"
    resolved "http://npm.digitro.com.br/graphql/-/graphql-16.8.1.tgz"
    integrity sha512-59LZHPdGZVh695Ud9lRzPBVTtlX9ZCV150Er2W43ro37wVof0ctenSaskPPjN7lVTIN8mSZt8PHUNKZuNQUuxw==
  
  has-flag@^3.0.0:
    version "3.0.0"
    resolved "http://npm.digitro.com.br/has-flag/-/has-flag-3.0.0.tgz"
    integrity sha1-tdRU3CGZriJWmfNGfloH87lVuv0=
  
  has-property-descriptors@^1.0.0:
    version "1.0.1"
    resolved "http://npm.digitro.com.br/has-property-descriptors/-/has-property-descriptors-1.0.1.tgz"
    integrity sha512-VsX8eaIewvas0xnvinAe9bw4WfIeODpGYikiWYLH+dma0Jw6KHYqWiWfhQlgOVK8D6PvjubK5Uc4P0iIhIcNVg==
    dependencies:
      get-intrinsic "^1.2.2"
  
  has-proto@^1.0.1:
    version "1.0.1"
    resolved "http://npm.digitro.com.br/has-proto/-/has-proto-1.0.1.tgz"
    integrity sha512-7qE+iP+O+bgF9clE5+UoBFzE65mlBiVj3tKCrlNQ0Ogwm0BjpT/gK4SlLYDMybDh5I3TCTKnPPa0oMG7JDYrhg==
  
  has-symbols@^1.0.3:
    version "1.0.3"
    resolved "http://npm.digitro.com.br/has-symbols/-/has-symbols-1.0.3.tgz"
    integrity sha512-l3LCuF6MgDNwTDKkdYGEihYjt5pRPbEg46rtlmnSPlUbgmB8LOIrKJbYYFBSbnPaJexMKtiPO8hmeRjRz2Td+A==
  
  hasown@^2.0.0:
    version "2.0.0"
    resolved "http://npm.digitro.com.br/hasown/-/hasown-2.0.0.tgz"
    integrity sha512-vUptKVTpIJhcczKBbgnS+RtcuYMB8+oNzPK2/Hp3hanz8JmpATdmmgLgSaadVREkDm+e2giHwY3ZRkyjSIDDFA==
    dependencies:
      function-bind "^1.1.2"
  
  http-errors@2.0.0:
    version "2.0.0"
    resolved "http://npm.digitro.com.br/http-errors/-/http-errors-2.0.0.tgz"
    integrity sha512-FtwrG/euBzaEjYeRqOgly7G0qviiXoJWnvEH2Z1plBdXgbyjv34pHTSb9zoeHMyDy33+DWy5Wt9Wo+TURtOYSQ==
    dependencies:
      depd "2.0.0"
      inherits "2.0.4"
      setprototypeof "1.2.0"
      statuses "2.0.1"
      toidentifier "1.0.1"
  
  iconv-lite@0.4.24:
    version "0.4.24"
    resolved "http://npm.digitro.com.br/iconv-lite/-/iconv-lite-0.4.24.tgz"
    integrity sha512-v3MXnZAcvnywkTUEZomIActle7RXXeedOR31wwl7VlyoXO4Qi9arvSenNQWne1TcRwhCL1HwLI21bEqdpj8/rA==
    dependencies:
      safer-buffer ">= 2.1.2 < 3"
  
  ignore-by-default@^1.0.1:
    version "1.0.1"
    resolved "http://npm.digitro.com.br/ignore-by-default/-/ignore-by-default-1.0.1.tgz"
    integrity sha1-SMptcvbGo68Aqa1K5odr44ieKwk=
  
  inherits@2.0.4, inherits@^2.0.1:
    version "2.0.4"
    resolved "http://npm.digitro.com.br/inherits/-/inherits-2.0.4.tgz"
    integrity sha512-k/vGaX4/Yla3WzyMCvTQOXYeIHvqOKtnqBduzTHpzpQZzAskKMhZ2K+EnBiSM9zGSoIFeMpXKxa4dYeZIQqewQ==
  
  ipaddr.js@1.9.1:
    version "1.9.1"
    resolved "http://npm.digitro.com.br/ipaddr.js/-/ipaddr.js-1.9.1.tgz"
    integrity sha512-0KI/607xoxSToH7GjN1FfSbLoU0+btTicjsQSWQlh/hZykN8KpmMf7uYwPW3R+akZ6R/w18ZlXSHBYXiYUPO3g==
  
  is-binary-path@~2.1.0:
    version "2.1.0"
    resolved "http://npm.digitro.com.br/is-binary-path/-/is-binary-path-2.1.0.tgz"
    integrity sha512-ZMERYes6pDydyuGidse7OsHxtbI7WVeUEozgR/g7rd0xUimYNlvZRE/K2MgZTjWy725IfelLeVcEM97mmtRGXw==
    dependencies:
      binary-extensions "^2.0.0"
  
  is-extglob@^2.1.1:
    version "2.1.1"
    resolved "http://npm.digitro.com.br/is-extglob/-/is-extglob-2.1.1.tgz"
    integrity sha1-qIwCU1eR8C7TfHahueqXc8gz+MI=
  
  is-glob@^4.0.1, is-glob@~4.0.1:
    version "4.0.3"
    resolved "http://npm.digitro.com.br/is-glob/-/is-glob-4.0.3.tgz"
    integrity sha512-xelSayHH36ZgE7ZWhli7pW34hNbNl8Ojv5KVmkJD4hBdD3th8Tfk9vYasLM+mXWOZhFkgZfxhLSnrwRr4elSSg==
    dependencies:
      is-extglob "^2.1.1"
  
  is-number@^7.0.0:
    version "7.0.0"
    resolved "http://npm.digitro.com.br/is-number/-/is-number-7.0.0.tgz"
    integrity sha512-41Cifkg6e8TylSpdtTpeLVMqvSBEVzTttHvERD741+pnZ8ANv0004MRL43QKPDlK9cGvNp6NZWZUBlbGXYxxng==
  
  iterall@^1.3.0:
    version "1.3.0"
    resolved "http://npm.digitro.com.br/iterall/-/iterall-1.3.0.tgz"
    integrity sha512-QZ9qOMdF+QLHxy1QIpUHUU1D5pS2CG2P69LF6L6CPjPYA/XMOmKV3PZpawHoAjHNyB0swdVTRxdYT4tbBbxqwg==
  
  lodash.sortby@^4.7.0:
    version "4.7.0"
    resolved "http://npm.digitro.com.br/lodash.sortby/-/lodash.sortby-4.7.0.tgz"
    integrity sha1-7dFMgk4sycHgsKG0K7UhBRakJDg=
  
  loglevel@^1.6.8:
    version "1.8.1"
    resolved "http://npm.digitro.com.br/loglevel/-/loglevel-1.8.1.tgz"
    integrity sha512-tCRIJM51SHjAayKwC+QAg8hT8vg6z7GSgLJKGvzuPb1Wc+hLzqtuVLxp6/HzSPOozuK+8ErAhy7U/sVzw8Dgfg==
  
  long@^4.0.0:
    version "4.0.0"
    resolved "http://npm.digitro.com.br/long/-/long-4.0.0.tgz"
    integrity sha512-XsP+KhQif4bjX1kbuSiySJFNAehNxgLb6hPRGJ9QsUr8ajHkuXGdrHmFUTUUXhDwVX2R5bY4JNZEwbUiMhV+MA==
  
  "lru-cache@7.10.1 - 7.13.1":
    version "7.13.1"
    resolved "http://npm.digitro.com.br/lru-cache/-/lru-cache-7.13.1.tgz"
    integrity sha512-CHqbAq7NFlW3RSnoWXLJBxCWaZVBrfa9UEHId2M3AW8iEBurbqduNexEUCGc3SHc6iCYXNJCDi903LajSVAEPQ==
  
  lru-cache@^6.0.0:
    version "6.0.0"
    resolved "http://npm.digitro.com.br/lru-cache/-/lru-cache-6.0.0.tgz"
    integrity sha512-Jo6dJ04CmSjuznwJSS3pUeWmd/H0ffTlkXXgwZi+eq1UCmqQwCh+eLsYOYCwY991i2Fah4h1BEMCx4qThGbsiA==
    dependencies:
      yallist "^4.0.0"
  
  media-typer@0.3.0:
    version "0.3.0"
    resolved "http://npm.digitro.com.br/media-typer/-/media-typer-0.3.0.tgz"
    integrity sha1-hxDXrwqmJvj/+hzgAWhUUmMlV0g=
  
  merge-descriptors@1.0.1:
    version "1.0.1"
    resolved "http://npm.digitro.com.br/merge-descriptors/-/merge-descriptors-1.0.1.tgz"
    integrity sha1-sAqqVW3YtEVoFQ7J0blT8/kMu2E=
  
  methods@~1.1.2:
    version "1.1.2"
    resolved "http://npm.digitro.com.br/methods/-/methods-1.1.2.tgz"
    integrity sha1-VSmk1nZUE07cxSZmVoNbD4Ua/O4=
  
  mime-db@1.52.0:
    version "1.52.0"
    resolved "http://npm.digitro.com.br/mime-db/-/mime-db-1.52.0.tgz"
    integrity sha512-sPU4uV7dYlvtWJxwwxHD0PuihVNiE7TyAbQ5SWxDCB9mUYvOgroQOwYQQOKPJ8CIbE+1ETVlOoK1UC2nU3gYvg==
  
  mime-types@~2.1.24, mime-types@~2.1.34:
    version "2.1.35"
    resolved "http://npm.digitro.com.br/mime-types/-/mime-types-2.1.35.tgz"
    integrity sha512-ZDY+bPm5zTTF+YpCrAU9nK0UgICYPT0QtT1NZWFv4s++TNkcgVaT0g6+4R2uI4MjQjzysHB1zxuWL50hzaeXiw==
    dependencies:
      mime-db "1.52.0"
  
  mime@1.6.0:
    version "1.6.0"
    resolved "http://npm.digitro.com.br/mime/-/mime-1.6.0.tgz"
    integrity sha512-x0Vn8spI+wuJ1O6S7gnbaQg8Pxh4NNHb7KSINmEWKiPE4RKOplvijn+NkmYmmRgP68mc70j2EbeTFRsrswaQeg==
  
  minimatch@^3.1.2:
    version "3.1.2"
    resolved "http://npm.digitro.com.br/minimatch/-/minimatch-3.1.2.tgz"
    integrity sha512-J7p63hRiAjw1NDEww1W7i37+ByIrOWO5XQQAzZ3VOcL0PNybwpfmV/N05zFAzwQ9USyEcX6t3UO+K5aqBQOIHw==
    dependencies:
      brace-expansion "^1.1.7"
  
  ms@2.0.0:
    version "2.0.0"
    resolved "http://npm.digitro.com.br/ms/-/ms-2.0.0.tgz"
    integrity sha1-VgiurfwAvmwpAd9fmGF4jeDVl8g=
  
  ms@2.1.3, ms@^2.1.1:
    version "2.1.3"
    resolved "http://npm.digitro.com.br/ms/-/ms-2.1.3.tgz"
    integrity sha512-6FlzubTLZG3J2a/NVCAleEhjzq5oxgHyaCU9yYXvcLsvoVaHJq/s5xXI6/XXP6tz7R9xAOtHnSO/tXtF3WRTlA==
  
  negotiator@0.6.3:
    version "0.6.3"
    resolved "http://npm.digitro.com.br/negotiator/-/negotiator-0.6.3.tgz"
    integrity sha512-+EUsqGPLsM+j/zdChZjsnX51g4XrHFOIXwfnCVPGlQk/k5giakcKsuxCObBRu6DSm9opw/O6slWbJdghQM4bBg==
  
  nexus@^1.3.0:
    version "1.3.0"
    resolved "http://npm.digitro.com.br/nexus/-/nexus-1.3.0.tgz"
    integrity sha512-w/s19OiNOs0LrtP7pBmD9/FqJHvZLmCipVRt6v1PM8cRUYIbhEswyNKGHVoC4eHZGPSnD+bOf5A3+gnbt0A5/A==
    dependencies:
      iterall "^1.3.0"
      tslib "^2.0.3"
  
  node-abort-controller@^3.0.1:
    version "3.1.1"
    resolved "http://npm.digitro.com.br/node-abort-controller/-/node-abort-controller-3.1.1.tgz"
    integrity sha512-AGK2yQKIjRuqnc6VkX2Xj5d+QW8xZ87pa1UK6yA6ouUyuxfHuMP6umE5QK7UmTeOAymo+Zx1Fxiuw9rVx8taHQ==
  
  node-fetch@^2.6.7:
    version "2.7.0"
    resolved "http://npm.digitro.com.br/node-fetch/-/node-fetch-2.7.0.tgz"
    integrity sha512-c4FRfUm/dbcWZ7U+1Wq0AwCyFL+3nt2bEw05wfxSz+DWpWsitgmSgYmy2dQdWyKC1694ELPqMs/YzUSNozLt8A==
    dependencies:
      whatwg-url "^5.0.0"
  
  nodemon@^3.0.1:
    version "3.0.1"
    resolved "http://npm.digitro.com.br/nodemon/-/nodemon-3.0.1.tgz"
    integrity sha512-g9AZ7HmkhQkqXkRc20w+ZfQ73cHLbE8hnPbtaFbFtCumZsjyMhKk9LajQ07U5Ux28lvFjZ5X7HvWR1xzU8jHVw==
    dependencies:
      chokidar "^3.5.2"
      debug "^3.2.7"
      ignore-by-default "^1.0.1"
      minimatch "^3.1.2"
      pstree.remy "^1.1.8"
      semver "^7.5.3"
      simple-update-notifier "^2.0.0"
      supports-color "^5.5.0"
      touch "^3.1.0"
      undefsafe "^2.0.5"
  
  nopt@~1.0.10:
    version "1.0.10"
    resolved "http://npm.digitro.com.br/nopt/-/nopt-1.0.10.tgz"
    integrity sha1-bd0hvSoxQXuScn3Vhfim83YI6+4=
    dependencies:
      abbrev "1"
  
  normalize-path@^3.0.0, normalize-path@~3.0.0:
    version "3.0.0"
    resolved "http://npm.digitro.com.br/normalize-path/-/normalize-path-3.0.0.tgz"
    integrity sha512-6eZs5Ls3WtCisHWp9S2GUy8dqkpGi4BVSz3GaqiE6ezub0512ESztXUwUB6C6IKbQkY2Pnb/mD4WYojCRwcwLA==
  
  object-assign@^4:
    version "4.1.1"
    resolved "http://npm.digitro.com.br/object-assign/-/object-assign-4.1.1.tgz"
    integrity sha1-IQmtx5ZYh8/AXLvUQsrIv7s2CGM=
  
  object-inspect@^1.9.0:
    version "1.13.1"
    resolved "http://npm.digitro.com.br/object-inspect/-/object-inspect-1.13.1.tgz"
    integrity sha512-5qoj1RUiKOMsCCNLV1CBiPYE10sziTsnmNxkAI/rZhiD63CF7IqdFGC/XzjWjpSgLf0LxXX3bDFIh0E18f6UhQ==
  
  on-finished@2.4.1:
    version "2.4.1"
    resolved "http://npm.digitro.com.br/on-finished/-/on-finished-2.4.1.tgz"
    integrity sha512-oVlzkg3ENAhCk2zdv7IJwd/QUD4z2RxRwpkcGY8psCVcCYZNq4wYnVWALHM+brtuJjePWiYF/ClmuDr8Ch5+kg==
    dependencies:
      ee-first "1.1.1"
  
  parseurl@^1.3.3, parseurl@~1.3.3:
    version "1.3.3"
    resolved "http://npm.digitro.com.br/parseurl/-/parseurl-1.3.3.tgz"
    integrity sha512-CiyeOxFT/JZyN5m0z9PfXw4SCBJ6Sygz1Dpl0wqjlhDEGGBP1GnsUVEL0p63hoG1fcj3fHynXi9NYO4nWOL+qQ==
  
  path-to-regexp@0.1.7:
    version "0.1.7"
    resolved "http://npm.digitro.com.br/path-to-regexp/-/path-to-regexp-0.1.7.tgz"
    integrity sha1-32BBeABfUi8V60SQ5yR6G/qmf4w=
  
  picomatch@^2.0.4, picomatch@^2.2.1:
    version "2.3.1"
    resolved "http://npm.digitro.com.br/picomatch/-/picomatch-2.3.1.tgz"
    integrity sha512-JU3teHTNjmE2VCGFzuY8EXzCDVwEqB2a8fsIvwaStHhAWJEeVd1o1QD80CU6+ZdEXXSLbSsuLwJjkCBWqRQUVA==
  
  prisma@5.5.2:
    version "5.5.2"
    resolved "http://npm.digitro.com.br/prisma/-/prisma-5.5.2.tgz#54ad2f04f0dd4174f27128e4447013e8d75c4d69"
    integrity sha512-WQtG6fevOL053yoPl6dbHV+IWgKo25IRN4/pwAGqcWmg7CrtoCzvbDbN9fXUc7QS2KK0LimHIqLsaCOX/vHl8w==
    dependencies:
      "@prisma/engines" "5.5.2"
  
  proxy-addr@~2.0.7:
    version "2.0.7"
    resolved "http://npm.digitro.com.br/proxy-addr/-/proxy-addr-2.0.7.tgz"
    integrity sha512-llQsMLSUDUPT44jdrU/O37qlnifitDP+ZwrmmZcoSKyLKvtZxpyV0n2/bD/N4tBAAZ/gJEdZU7KMraoK1+XYAg==
    dependencies:
      forwarded "0.2.0"
      ipaddr.js "1.9.1"
  
  pstree.remy@^1.1.8:
    version "1.1.8"
    resolved "http://npm.digitro.com.br/pstree.remy/-/pstree.remy-1.1.8.tgz"
    integrity sha512-77DZwxQmxKnu3aR542U+X8FypNzbfJ+C5XQDk3uWjWxn6151aIMGthWYRXTqT1E5oJvg+ljaa2OJi+VfvCOQ8w==
  
  qs@6.11.0:
    version "6.11.0"
    resolved "http://npm.digitro.com.br/qs/-/qs-6.11.0.tgz"
    integrity sha512-MvjoMCJwEarSbUYk5O+nmoSzSutSsTwF85zcHPQ9OrlFoZOYIjaqBAJIqIXjptyD5vThxGq52Xu/MaJzRkIk4Q==
    dependencies:
      side-channel "^1.0.4"
  
  range-parser@~1.2.1:
    version "1.2.1"
    resolved "http://npm.digitro.com.br/range-parser/-/range-parser-1.2.1.tgz"
    integrity sha512-Hrgsx+orqoygnmhFbKaHE6c296J+HTAQXoxEF6gNupROmmGJRoyzfG3ccAveqCBrwr/2yxQ5BVd/GTl5agOwSg==
  
  raw-body@2.5.1:
    version "2.5.1"
    resolved "http://npm.digitro.com.br/raw-body/-/raw-body-2.5.1.tgz"
    integrity sha512-qqJBtEyVgS0ZmPGdCFPWJ3FreoqvG4MVQln/kCgF7Olq95IbOp0/BWyMwbdtn4VTvkM8Y7khCQ2Xgk/tcrCXig==
    dependencies:
      bytes "3.1.2"
      http-errors "2.0.0"
      iconv-lite "0.4.24"
      unpipe "1.0.0"
  
  raw-body@2.5.2:
    version "2.5.2"
    resolved "http://npm.digitro.com.br/raw-body/-/raw-body-2.5.2.tgz"
    integrity sha512-8zGqypfENjCIqGhgXToC8aB2r7YrBX+AQAfIPs/Mlk+BtPTztOvTS01NRW/3Eh60J+a48lt8qsCzirQ6loCVfA==
    dependencies:
      bytes "3.1.2"
      http-errors "2.0.0"
      iconv-lite "0.4.24"
      unpipe "1.0.0"
  
  readdirp@~3.6.0:
    version "3.6.0"
    resolved "http://npm.digitro.com.br/readdirp/-/readdirp-3.6.0.tgz"
    integrity sha512-hOS089on8RduqdbhvQ5Z37A0ESjsqz6qnRcffsMU3495FuTdqSm+7bhJ29JvIOsBDEEnan5DPu9t3To9VRlMzA==
    dependencies:
      picomatch "^2.2.1"
  
  retry@0.13.1:
    version "0.13.1"
    resolved "http://npm.digitro.com.br/retry/-/retry-0.13.1.tgz"
    integrity sha512-XQBQ3I8W1Cge0Seh+6gjj03LbmRFWuoszgK9ooCpwYIrhhoO80pfq4cUkU5DkknwfOfFteRwlZ56PYOGYyFWdg==
  
  safe-buffer@5.2.1, safe-buffer@^5.0.1:
    version "5.2.1"
    resolved "http://npm.digitro.com.br/safe-buffer/-/safe-buffer-5.2.1.tgz"
    integrity sha512-rp3So07KcdmmKbGvgaNxQSJr7bGVSVk5S9Eq1F+ppbRo70+YeaDxkw5Dd8NPN+GD6bjnYm2VuPuCXmpuYvmCXQ==
  
  "safer-buffer@>= 2.1.2 < 3":
    version "2.1.2"
    resolved "http://npm.digitro.com.br/safer-buffer/-/safer-buffer-2.1.2.tgz"
    integrity sha512-YZo3K82SD7Riyi0E1EQPojLz7kpepnSQI9IyPbHHg1XXXevb5dJI7tpyN2ADxGcQbHG7vcyRHk0cbwqcQriUtg==
  
  semver@^7.5.3:
    version "7.5.4"
    resolved "http://npm.digitro.com.br/semver/-/semver-7.5.4.tgz"
    integrity sha512-1bCSESV6Pv+i21Hvpxp3Dx+pSD8lIPt8uVjRrxAUt/nbswYc+tK6Y2btiULjd4+fnq15PX+nqQDC7Oft7WkwcA==
    dependencies:
      lru-cache "^6.0.0"
  
  send@0.18.0:
    version "0.18.0"
    resolved "http://npm.digitro.com.br/send/-/send-0.18.0.tgz"
    integrity sha512-qqWzuOjSFOuqPjFe4NOsMLafToQQwBSOEpS+FwEt3A2V3vKubTquT3vmLTQpFgMXp8AlFWFuP1qKaJZOtPpVXg==
    dependencies:
      debug "2.6.9"
      depd "2.0.0"
      destroy "1.2.0"
      encodeurl "~1.0.2"
      escape-html "~1.0.3"
      etag "~1.8.1"
      fresh "0.5.2"
      http-errors "2.0.0"
      mime "1.6.0"
      ms "2.1.3"
      on-finished "2.4.1"
      range-parser "~1.2.1"
      statuses "2.0.1"
  
  serve-static@1.15.0:
    version "1.15.0"
    resolved "http://npm.digitro.com.br/serve-static/-/serve-static-1.15.0.tgz"
    integrity sha512-XGuRDNjXUijsUL0vl6nSD7cwURuzEgglbOaFuZM9g3kwDXOWVTck0jLzjPzGD+TazWbboZYu52/9/XPdUgne9g==
    dependencies:
      encodeurl "~1.0.2"
      escape-html "~1.0.3"
      parseurl "~1.3.3"
      send "0.18.0"
  
  set-function-length@^1.1.1:
    version "1.1.1"
    resolved "http://npm.digitro.com.br/set-function-length/-/set-function-length-1.1.1.tgz"
    integrity sha512-VoaqjbBJKiWtg4yRcKBQ7g7wnGnLV3M8oLvVWwOk2PdYY6PEFegR1vezXR0tw6fZGF9csVakIRjrJiy2veSBFQ==
    dependencies:
      define-data-property "^1.1.1"
      get-intrinsic "^1.2.1"
      gopd "^1.0.1"
      has-property-descriptors "^1.0.0"
  
  setprototypeof@1.2.0:
    version "1.2.0"
    resolved "http://npm.digitro.com.br/setprototypeof/-/setprototypeof-1.2.0.tgz"
    integrity sha512-E5LDX7Wrp85Kil5bhZv46j8jOeboKq5JMmYM3gVGdGH8xFpPWXUMsNrlODCrkoxMEeNi/XZIwuRvY4XNwYMJpw==
  
  sha.js@^2.4.11:
    version "2.4.11"
    resolved "http://npm.digitro.com.br/sha.js/-/sha.js-2.4.11.tgz"
    integrity sha512-QMEp5B7cftE7APOjk5Y6xgrbWu+WkLVQwk8JNjZ8nKRciZaByEW6MubieAiToS7+dwvrjGhH8jRXz3MVd0AYqQ==
    dependencies:
      inherits "^2.0.1"
      safe-buffer "^5.0.1"
  
  side-channel@^1.0.4:
    version "1.0.4"
    resolved "http://npm.digitro.com.br/side-channel/-/side-channel-1.0.4.tgz"
    integrity sha512-q5XPytqFEIKHkGdiMIrY10mvLRvnQh42/+GoBlFW3b2LXLE2xxJpZFdm94we0BaoV3RwJyGqg5wS7epxTv0Zvw==
    dependencies:
      call-bind "^1.0.0"
      get-intrinsic "^1.0.2"
      object-inspect "^1.9.0"
  
  simple-update-notifier@^2.0.0:
    version "2.0.0"
    resolved "http://npm.digitro.com.br/simple-update-notifier/-/simple-update-notifier-2.0.0.tgz"
    integrity sha512-a2B9Y0KlNXl9u/vsW6sTIu9vGEpfKu2wRV6l1H3XEas/0gUIzGzBoP/IouTcUQbm9JWZLH3COxyn03TYlFax6w==
    dependencies:
      semver "^7.5.3"
  
  statuses@2.0.1:
    version "2.0.1"
    resolved "http://npm.digitro.com.br/statuses/-/statuses-2.0.1.tgz"
    integrity sha512-RwNA9Z/7PrK06rYLIzFMlaF+l73iwpzsqRIFgbMLbTcLD6cOao82TaWefPXQvB2fOC4AjuYSEndS7N/mTCbkdQ==
  
  supports-color@^5.5.0:
    version "5.5.0"
    resolved "http://npm.digitro.com.br/supports-color/-/supports-color-5.5.0.tgz"
    integrity sha512-QjVjwdXIt408MIiAqCX4oUKsgU2EqAGzs2Ppkm4aQYbjm+ZEWEcW4SfFNTr4uMNZma0ey4f5lgLrkB0aX0QMow==
    dependencies:
      has-flag "^3.0.0"
  
  to-regex-range@^5.0.1:
    version "5.0.1"
    resolved "http://npm.digitro.com.br/to-regex-range/-/to-regex-range-5.0.1.tgz"
    integrity sha512-65P7iz6X5yEr1cwcgvQxbbIw7Uk3gOy5dIdtZ4rDveLqhrdJP+Li/Hx6tyK0NEb+2GCyneCMJiGqrADCSNk8sQ==
    dependencies:
      is-number "^7.0.0"
  
  toidentifier@1.0.1:
    version "1.0.1"
    resolved "http://npm.digitro.com.br/toidentifier/-/toidentifier-1.0.1.tgz"
    integrity sha512-o5sSPKEkg/DIQNmH43V0/uerLrpzVedkUh8tGNvaeXpfpuwjKenlSox/2O/BTlZUtEe+JG7s5YhEz608PlAHRA==
  
  touch@^3.1.0:
    version "3.1.0"
    resolved "http://npm.digitro.com.br/touch/-/touch-3.1.0.tgz"
    integrity sha512-WBx8Uy5TLtOSRtIq+M03/sKDrXCLHxwDcquSP2c43Le03/9serjQBIztjRz6FkJez9D/hleyAXTBGLwwZUw9lA==
    dependencies:
      nopt "~1.0.10"
  
  tr46@~0.0.3:
    version "0.0.3"
    resolved "http://npm.digitro.com.br/tr46/-/tr46-0.0.3.tgz"
    integrity sha1-gYT9NH2snNwYWZLzpmIuFLnZq2o=
  
  tslib@^2.0.3, tslib@^2.1.0, tslib@^2.4.0:
    version "2.6.2"
    resolved "http://npm.digitro.com.br/tslib/-/tslib-2.6.2.tgz"
    integrity sha512-AEYxH93jGFPn/a2iVAwW87VuUIkR1FVUKB77NwMF7nBTDkDrrT/Hpt/IrCJ0QXhW27jTBDcf5ZY7w6RiqTMw2Q==
  
  type-is@~1.6.18:
    version "1.6.18"
    resolved "http://npm.digitro.com.br/type-is/-/type-is-1.6.18.tgz"
    integrity sha512-TkRKr9sUTxEH8MdfuCSP7VizJyzRNMjj2J2do2Jr3Kym598JVdEksuzPQCnlFPW4ky9Q+iA+ma9BGm06XQBy8g==
    dependencies:
      media-typer "0.3.0"
      mime-types "~2.1.24"
  
  typescript@^5.2.2:
    version "5.2.2"
    resolved "http://npm.digitro.com.br/typescript/-/typescript-5.2.2.tgz"
    integrity sha512-mI4WrpHsbCIcwT9cF4FZvr80QUeKvsUsUvKDoR+X/7XHQH98xYD8YHZg7ANtz2GtZt/CBq2QJ0thkGJMHfqc1w==
  
  undefsafe@^2.0.5:
    version "2.0.5"
    resolved "http://npm.digitro.com.br/undefsafe/-/undefsafe-2.0.5.tgz"
    integrity sha512-WxONCrssBM8TSPRqN5EmsjVrsv4A8X12J4ArBiiayv3DyyG3ZlIg6yysuuSYdZsVz3TKcTg2fd//Ujd4CHV1iA==
  
  undici-types@~5.26.4:
    version "5.26.5"
    resolved "http://npm.digitro.com.br/undici-types/-/undici-types-5.26.5.tgz"
    integrity sha512-JlCMO+ehdEIKqlFxk6IfVoAUVmgz7cU7zD/h9XZ0qzeosSHmUJVOzSQvvYSYWXkFXC+IfLKSIffhv0sVZup6pA==
  
  unpipe@1.0.0, unpipe@~1.0.0:
    version "1.0.0"
    resolved "http://npm.digitro.com.br/unpipe/-/unpipe-1.0.0.tgz"
    integrity sha1-sr9O6FFKrmFltIF4KdIbLvSZBOw=
  
  utils-merge@1.0.1:
    version "1.0.1"
    resolved "http://npm.digitro.com.br/utils-merge/-/utils-merge-1.0.1.tgz"
    integrity sha1-n5VxD1CiZ5R7LMwSR0HBAoQn5xM=
  
  uuid@^9.0.0:
    version "9.0.1"
    resolved "http://npm.digitro.com.br/uuid/-/uuid-9.0.1.tgz"
    integrity sha512-b+1eJOlsR9K8HJpow9Ok3fiWOWSIcIzXodvv0rQjVoOVNpWMpxf1wZNpt4y9h10odCNrqnYp1OBzRktckBe3sA==
  
  value-or-promise@1.0.11:
    version "1.0.11"
    resolved "http://npm.digitro.com.br/value-or-promise/-/value-or-promise-1.0.11.tgz"
    integrity sha512-41BrgH+dIbCFXClcSapVs5M6GkENd3gQOJpEfPDNa71LsUGMXDL0jMWpI/Rh7WhX+Aalfz2TTS3Zt5pUsbnhLg==
  
  value-or-promise@^1.0.12:
    version "1.0.12"
    resolved "http://npm.digitro.com.br/value-or-promise/-/value-or-promise-1.0.12.tgz"
    integrity sha512-Z6Uz+TYwEqE7ZN50gwn+1LCVo9ZVrpxRPOhOLnncYkY1ZzOYtrX8Fwf/rFktZ8R5mJms6EZf5TqNOMeZmnPq9Q==
  
  vary@^1, vary@~1.1.2:
    version "1.1.2"
    resolved "http://npm.digitro.com.br/vary/-/vary-1.1.2.tgz"
    integrity sha1-IpnwLG3tMNSllhsLn3RSShj2NPw=
  
  webidl-conversions@^3.0.0:
    version "3.0.1"
    resolved "http://npm.digitro.com.br/webidl-conversions/-/webidl-conversions-3.0.1.tgz"
    integrity sha1-JFNCdeKnvGvnvIZhHMFq4KVlSHE=
  
  whatwg-mimetype@^3.0.0:
    version "3.0.0"
    resolved "http://npm.digitro.com.br/whatwg-mimetype/-/whatwg-mimetype-3.0.0.tgz"
    integrity sha512-nt+N2dzIutVRxARx1nghPKGv1xHikU7HKdfafKkLNLindmPU/ch3U31NOCGGA/dmPcmb1VlofO0vnKAcsm0o/Q==
  
  whatwg-url@^5.0.0:
    version "5.0.0"
    resolved "http://npm.digitro.com.br/whatwg-url/-/whatwg-url-5.0.0.tgz"
    integrity sha1-lmRU6HZUYuN2RNNib2dCzotwll0=
    dependencies:
      tr46 "~0.0.3"
      webidl-conversions "^3.0.0"
  
  xss@^1.0.8:
    version "1.0.14"
    resolved "http://npm.digitro.com.br/xss/-/xss-1.0.14.tgz"
    integrity sha512-og7TEJhXvn1a7kzZGQ7ETjdQVS2UfZyTlsEdDOqvQF7GoxNfY+0YLCzBy1kPdsDDx4QuNAonQPddpsn6Xl/7sw==
    dependencies:
      commander "^2.20.3"
      cssfilter "0.0.10"
  
  yallist@^4.0.0:
    version "4.0.0"
    resolved "http://npm.digitro.com.br/yallist/-/yallist-4.0.0.tgz"
    integrity sha512-3wdGidZyq5PB084XLES5TpOSRA3wjXAlIWMhum2kRcv/41Sn2emQ0dycQW4uZXLejwKvg6EsvbdlVL+FYEct7A==
